<?xml version="1.0" encoding="UTF-8"?>
<testng-results ignored="0" total="6" passed="4" failed="2" skipped="0">
  <reporter-output>
  </reporter-output>
  <suite started-at="2023-01-26T14:52:15 IST" name="Default suite" finished-at="2023-01-26T14:55:45 IST" duration-ms="209786">
    <groups>
    </groups>
    <test started-at="2023-01-26T14:52:15 IST" name="Default test" finished-at="2023-01-26T14:55:45 IST" duration-ms="209786">
      <class name="POM_DDF_testNG_BASECLASS_UTILITYCLASS.TEST_CLASS">
        <test-method is-config="true" signature="openbrowser()[pri:0, instance:POM_DDF_testNG_BASECLASS_UTILITYCLASS.TEST_CLASS@6a192cfe]" started-at="2023-01-26T14:52:15 IST" name="openbrowser" finished-at="2023-01-26T14:53:06 IST" duration-ms="51282" status="PASS">
          <reporter-output>
          </reporter-output>
        </test-method> <!-- openbrowser -->
        <test-method signature="verifytext()[pri:1, instance:POM_DDF_testNG_BASECLASS_UTILITYCLASS.TEST_CLASS@6a192cfe]" started-at="2023-01-26T14:53:06 IST" name="verifytext" finished-at="2023-01-26T14:53:21 IST" duration-ms="14244" status="PASS">
          <reporter-output>
          </reporter-output>
        </test-method> <!-- verifytext -->
        <test-method is-config="true" signature="logout(org.testng.ITestResult)[pri:0, instance:POM_DDF_testNG_BASECLASS_UTILITYCLASS.TEST_CLASS@6a192cfe]" started-at="2023-01-26T14:53:21 IST" name="logout" finished-at="2023-01-26T14:53:21 IST" duration-ms="5" status="PASS">
          <params>
            <param index="0">
              <value>
                <![CDATA[[TestResult name=verifytext status=SUCCESS method=TEST_CLASS.verifytext()[pri:1, instance:POM_DDF_testNG_BASECLASS_UTILITYCLASS.TEST_CLASS@6a192cfe] output={null}]]]>
              </value>
            </param>
          </params>
          <reporter-output>
          </reporter-output>
        </test-method> <!-- logout -->
        <test-method signature="registration()[pri:2, instance:POM_DDF_testNG_BASECLASS_UTILITYCLASS.TEST_CLASS@6a192cfe]" started-at="2023-01-26T14:53:21 IST" name="registration" finished-at="2023-01-26T14:54:12 IST" duration-ms="51157" status="PASS">
          <reporter-output>
          </reporter-output>
        </test-method> <!-- registration -->
        <test-method is-config="true" signature="logout(org.testng.ITestResult)[pri:0, instance:POM_DDF_testNG_BASECLASS_UTILITYCLASS.TEST_CLASS@6a192cfe]" started-at="2023-01-26T14:54:12 IST" name="logout" finished-at="2023-01-26T14:54:12 IST" duration-ms="0" status="PASS">
          <params>
            <param index="0">
              <value>
                <![CDATA[[TestResult name=registration status=SUCCESS method=TEST_CLASS.registration()[pri:2, instance:POM_DDF_testNG_BASECLASS_UTILITYCLASS.TEST_CLASS@6a192cfe] output={null}]]]>
              </value>
            </param>
          </params>
          <reporter-output>
          </reporter-output>
        </test-method> <!-- logout -->
        <test-method signature="gettextofFinalStepofRegistration()[pri:3, instance:POM_DDF_testNG_BASECLASS_UTILITYCLASS.TEST_CLASS@6a192cfe]" started-at="2023-01-26T14:54:12 IST" name="gettextofFinalStepofRegistration" finished-at="2023-01-26T14:54:21 IST" duration-ms="8740" status="FAIL">
          <exception class="java.lang.AssertionError">
            <message>
              <![CDATA[expected [Final Step of Registratio] but found [Final Step of Registration]]]>
            </message>
            <full-stacktrace>
              <![CDATA[java.lang.AssertionError: expected [Final Step of Registratio] but found [Final Step of Registration]
at org.testng.Assert.fail(Assert.java:99)
at org.testng.Assert.failNotEquals(Assert.java:1037)
at org.testng.Assert.assertEqualsImpl(Assert.java:140)
at org.testng.Assert.assertEquals(Assert.java:122)
at org.testng.Assert.assertEquals(Assert.java:629)
at org.testng.Assert.assertEquals(Assert.java:639)
at POM_DDF_testNG_BASECLASS_UTILITYCLASS.TEST_CLASS.gettextofFinalStepofRegistration(TEST_CLASS.java:129)
at java.base/jdk.internal.reflect.DirectMethodHandleAccessor.invoke(DirectMethodHandleAccessor.java:104)
at java.base/java.lang.reflect.Method.invoke(Method.java:577)
at org.testng.internal.MethodInvocationHelper.invokeMethod(MethodInvocationHelper.java:133)
at org.testng.internal.TestInvoker.invokeMethod(TestInvoker.java:598)
at org.testng.internal.TestInvoker.invokeTestMethod(TestInvoker.java:173)
at org.testng.internal.MethodRunner.runInSequence(MethodRunner.java:46)
at org.testng.internal.TestInvoker$MethodInvocationAgent.invoke(TestInvoker.java:824)
at org.testng.internal.TestInvoker.invokeTestMethods(TestInvoker.java:146)
at org.testng.internal.TestMethodWorker.invokeTestMethods(TestMethodWorker.java:146)
at org.testng.internal.TestMethodWorker.run(TestMethodWorker.java:128)
at java.base/java.util.ArrayList.forEach(ArrayList.java:1511)
at org.testng.TestRunner.privateRun(TestRunner.java:794)
at org.testng.TestRunner.run(TestRunner.java:596)
at org.testng.SuiteRunner.runTest(SuiteRunner.java:377)
at org.testng.SuiteRunner.runSequentially(SuiteRunner.java:371)
at org.testng.SuiteRunner.privateRun(SuiteRunner.java:332)
at org.testng.SuiteRunner.run(SuiteRunner.java:276)
at org.testng.SuiteRunnerWorker.runSuite(SuiteRunnerWorker.java:53)
at org.testng.SuiteRunnerWorker.run(SuiteRunnerWorker.java:96)
at org.testng.TestNG.runSuitesSequentially(TestNG.java:1212)
at org.testng.TestNG.runSuitesLocally(TestNG.java:1134)
at org.testng.TestNG.runSuites(TestNG.java:1063)
at org.testng.TestNG.run(TestNG.java:1031)
at org.testng.remote.AbstractRemoteTestNG.run(AbstractRemoteTestNG.java:115)
at org.testng.remote.RemoteTestNG.initAndRun(RemoteTestNG.java:251)
at org.testng.remote.RemoteTestNG.main(RemoteTestNG.java:77)
]]>
            </full-stacktrace>
          </exception> <!-- java.lang.AssertionError -->
          <reporter-output>
          </reporter-output>
        </test-method> <!-- gettextofFinalStepofRegistration -->
        <test-method is-config="true" signature="logout(org.testng.ITestResult)[pri:0, instance:POM_DDF_testNG_BASECLASS_UTILITYCLASS.TEST_CLASS@6a192cfe]" started-at="2023-01-26T14:54:21 IST" name="logout" finished-at="2023-01-26T14:54:25 IST" duration-ms="3917" status="PASS">
          <params>
            <param index="0">
              <value>
                <![CDATA[[TestResult name=gettextofFinalStepofRegistration status=FAILURE method=TEST_CLASS.gettextofFinalStepofRegistration()[pri:3, instance:POM_DDF_testNG_BASECLASS_UTILITYCLASS.TEST_CLASS@6a192cfe] output={null}]]]>
              </value>
            </param>
          </params>
          <reporter-output>
          </reporter-output>
        </test-method> <!-- logout -->
        <test-method signature="gettextofpersonaldetails()[pri:4, instance:POM_DDF_testNG_BASECLASS_UTILITYCLASS.TEST_CLASS@6a192cfe]" started-at="2023-01-26T14:54:25 IST" name="gettextofpersonaldetails" finished-at="2023-01-26T14:54:34 IST" duration-ms="9342" status="PASS">
          <reporter-output>
          </reporter-output>
        </test-method> <!-- gettextofpersonaldetails -->
        <test-method is-config="true" signature="logout(org.testng.ITestResult)[pri:0, instance:POM_DDF_testNG_BASECLASS_UTILITYCLASS.TEST_CLASS@6a192cfe]" started-at="2023-01-26T14:54:34 IST" name="logout" finished-at="2023-01-26T14:54:34 IST" duration-ms="1" status="PASS">
          <params>
            <param index="0">
              <value>
                <![CDATA[[TestResult name=gettextofpersonaldetails status=SUCCESS method=TEST_CLASS.gettextofpersonaldetails()[pri:4, instance:POM_DDF_testNG_BASECLASS_UTILITYCLASS.TEST_CLASS@6a192cfe] output={null}]]]>
              </value>
            </param>
          </params>
          <reporter-output>
          </reporter-output>
        </test-method> <!-- logout -->
        <test-method signature="gettextofeducationandemployment()[pri:5, instance:POM_DDF_testNG_BASECLASS_UTILITYCLASS.TEST_CLASS@6a192cfe]" started-at="2023-01-26T14:54:34 IST" name="gettextofeducationandemployment" finished-at="2023-01-26T14:54:45 IST" duration-ms="10890" status="FAIL">
          <exception class="org.openqa.selenium.ElementClickInterceptedException">
            <message>
              <![CDATA[element click intercepted: Element <input type="radio" name="emplinpd" id="emplinpd" value="OWN"> is not clickable at point (447, 9). Other element would receive the click: <div class="header-container">...</div>
  (Session info: chrome=109.0.5414.75)
Build info: version: '4.6.0', revision: '79f1c02ae20'
System info: os.name: 'Windows 10', os.arch: 'amd64', os.version: '10.0', java.version: '18.0.2'
Driver info: org.openqa.selenium.chrome.ChromeDriver
Command: [3e0df30a0ed12aea8228a5e76f22dce6, clickElement {id=f709cc47-4934-49ef-9c13-8cecc18b7f96}]
Capabilities {acceptInsecureCerts: false, browserName: chrome, browserVersion: 109.0.5414.75, chrome: {chromedriverVersion: 109.0.5414.74 (e7c5703604da..., userDataDir: C:\Users\hp\AppData\Local\T...}, goog:chromeOptions: {debuggerAddress: localhost:61490}, networkConnectionEnabled: false, pageLoadStrategy: normal, platformName: WINDOWS, proxy: Proxy(), se:cdp: ws://localhost:61490/devtoo..., se:cdpVersion: 109.0.5414.75, setWindowRect: true, strictFileInteractability: false, timeouts: {implicit: 0, pageLoad: 300000, script: 30000}, unhandledPromptBehavior: dismiss and notify, webauthn:extension:credBlob: true, webauthn:extension:largeBlob: true, webauthn:virtualAuthenticators: true}
Element: [[ChromeDriver: chrome on WINDOWS (3e0df30a0ed12aea8228a5e76f22dce6)] -> xpath: (//input[@id='emplinpd'])[3]]
Session ID: 3e0df30a0ed12aea8228a5e76f22dce6]]>
            </message>
            <full-stacktrace>
              <![CDATA[org.openqa.selenium.ElementClickInterceptedException: element click intercepted: Element <input type="radio" name="emplinpd" id="emplinpd" value="OWN"> is not clickable at point (447, 9). Other element would receive the click: <div class="header-container">...</div>
  (Session info: chrome=109.0.5414.75)
Build info: version: '4.6.0', revision: '79f1c02ae20'
System info: os.name: 'Windows 10', os.arch: 'amd64', os.version: '10.0', java.version: '18.0.2'
Driver info: org.openqa.selenium.chrome.ChromeDriver
Command: [3e0df30a0ed12aea8228a5e76f22dce6, clickElement {id=f709cc47-4934-49ef-9c13-8cecc18b7f96}]
Capabilities {acceptInsecureCerts: false, browserName: chrome, browserVersion: 109.0.5414.75, chrome: {chromedriverVersion: 109.0.5414.74 (e7c5703604da..., userDataDir: C:\Users\hp\AppData\Local\T...}, goog:chromeOptions: {debuggerAddress: localhost:61490}, networkConnectionEnabled: false, pageLoadStrategy: normal, platformName: WINDOWS, proxy: Proxy(), se:cdp: ws://localhost:61490/devtoo..., se:cdpVersion: 109.0.5414.75, setWindowRect: true, strictFileInteractability: false, timeouts: {implicit: 0, pageLoad: 300000, script: 30000}, unhandledPromptBehavior: dismiss and notify, webauthn:extension:credBlob: true, webauthn:extension:largeBlob: true, webauthn:virtualAuthenticators: true}
Element: [[ChromeDriver: chrome on WINDOWS (3e0df30a0ed12aea8228a5e76f22dce6)] -> xpath: (//input[@id='emplinpd'])[3]]
Session ID: 3e0df30a0ed12aea8228a5e76f22dce6
at java.base/jdk.internal.reflect.DirectConstructorHandleAccessor.newInstance(DirectConstructorHandleAccessor.java:67)
at java.base/java.lang.reflect.Constructor.newInstanceWithCaller(Constructor.java:499)
at java.base/java.lang.reflect.Constructor.newInstance(Constructor.java:483)
at org.openqa.selenium.remote.codec.w3c.W3CHttpResponseCodec.createException(W3CHttpResponseCodec.java:200)
at org.openqa.selenium.remote.codec.w3c.W3CHttpResponseCodec.decode(W3CHttpResponseCodec.java:133)
at org.openqa.selenium.remote.codec.w3c.W3CHttpResponseCodec.decode(W3CHttpResponseCodec.java:53)
at org.openqa.selenium.remote.HttpCommandExecutor.execute(HttpCommandExecutor.java:184)
at org.openqa.selenium.remote.service.DriverCommandExecutor.invokeExecute(DriverCommandExecutor.java:167)
at org.openqa.selenium.remote.service.DriverCommandExecutor.execute(DriverCommandExecutor.java:142)
at org.openqa.selenium.remote.RemoteWebDriver.execute(RemoteWebDriver.java:541)
at org.openqa.selenium.remote.RemoteWebElement.execute(RemoteWebElement.java:257)
at org.openqa.selenium.remote.RemoteWebElement.click(RemoteWebElement.java:78)
at java.base/jdk.internal.reflect.DirectMethodHandleAccessor.invoke(DirectMethodHandleAccessor.java:104)
at java.base/java.lang.reflect.Method.invoke(Method.java:577)
at org.openqa.selenium.support.pagefactory.internal.LocatingElementHandler.invoke(LocatingElementHandler.java:52)
at jdk.proxy2/jdk.proxy2.$Proxy17.click(Unknown Source)
at POM_DDF_testNG_BASECLASS_UTILITYCLASS.Final_Step_of_Registration.selectemployedin(Final_Step_of_Registration.java:128)
at POM_DDF_testNG_BASECLASS_UTILITYCLASS.TEST_CLASS.gettextofeducationandemployment(TEST_CLASS.java:175)
at java.base/jdk.internal.reflect.DirectMethodHandleAccessor.invoke(DirectMethodHandleAccessor.java:104)
at java.base/java.lang.reflect.Method.invoke(Method.java:577)
at org.testng.internal.MethodInvocationHelper.invokeMethod(MethodInvocationHelper.java:133)
at org.testng.internal.TestInvoker.invokeMethod(TestInvoker.java:598)
at org.testng.internal.TestInvoker.invokeTestMethod(TestInvoker.java:173)
at org.testng.internal.MethodRunner.runInSequence(MethodRunner.java:46)
at org.testng.internal.TestInvoker$MethodInvocationAgent.invoke(TestInvoker.java:824)
at org.testng.internal.TestInvoker.invokeTestMethods(TestInvoker.java:146)
at org.testng.internal.TestMethodWorker.invokeTestMethods(TestMethodWorker.java:146)
at org.testng.internal.TestMethodWorker.run(TestMethodWorker.java:128)
at java.base/java.util.ArrayList.forEach(ArrayList.java:1511)
at org.testng.TestRunner.privateRun(TestRunner.java:794)
at org.testng.TestRunner.run(TestRunner.java:596)
at org.testng.SuiteRunner.runTest(SuiteRunner.java:377)
at org.testng.SuiteRunner.runSequentially(SuiteRunner.java:371)
at org.testng.SuiteRunner.privateRun(SuiteRunner.java:332)
at org.testng.SuiteRunner.run(SuiteRunner.java:276)
at org.testng.SuiteRunnerWorker.runSuite(SuiteRunnerWorker.java:53)
at org.testng.SuiteRunnerWorker.run(SuiteRunnerWorker.java:96)
at org.testng.TestNG.runSuitesSequentially(TestNG.java:1212)
at org.testng.TestNG.runSuitesLocally(TestNG.java:1134)
at org.testng.TestNG.runSuites(TestNG.java:1063)
at org.testng.TestNG.run(TestNG.java:1031)
at org.testng.remote.AbstractRemoteTestNG.run(AbstractRemoteTestNG.java:115)
at org.testng.remote.RemoteTestNG.initAndRun(RemoteTestNG.java:251)
at org.testng.remote.RemoteTestNG.main(RemoteTestNG.java:77)
]]>
            </full-stacktrace>
          </exception> <!-- org.openqa.selenium.ElementClickInterceptedException -->
          <reporter-output>
          </reporter-output>
        </test-method> <!-- gettextofeducationandemployment -->
        <test-method is-config="true" signature="logout(org.testng.ITestResult)[pri:0, instance:POM_DDF_testNG_BASECLASS_UTILITYCLASS.TEST_CLASS@6a192cfe]" started-at="2023-01-26T14:54:45 IST" name="logout" finished-at="2023-01-26T14:54:46 IST" duration-ms="626" status="PASS">
          <params>
            <param index="0">
              <value>
                <![CDATA[[TestResult name=gettextofeducationandemployment status=FAILURE method=TEST_CLASS.gettextofeducationandemployment()[pri:5, instance:POM_DDF_testNG_BASECLASS_UTILITYCLASS.TEST_CLASS@6a192cfe] output={null}]]]>
              </value>
            </param>
          </params>
          <reporter-output>
          </reporter-output>
        </test-method> <!-- logout -->
        <test-method signature="gettextofastrologicaldetails()[pri:6, instance:POM_DDF_testNG_BASECLASS_UTILITYCLASS.TEST_CLASS@6a192cfe]" started-at="2023-01-26T14:54:46 IST" name="gettextofastrologicaldetails" finished-at="2023-01-26T14:55:22 IST" duration-ms="36176" status="PASS">
          <reporter-output>
          </reporter-output>
        </test-method> <!-- gettextofastrologicaldetails -->
        <test-method is-config="true" signature="logout(org.testng.ITestResult)[pri:0, instance:POM_DDF_testNG_BASECLASS_UTILITYCLASS.TEST_CLASS@6a192cfe]" started-at="2023-01-26T14:55:22 IST" name="logout" finished-at="2023-01-26T14:55:22 IST" duration-ms="1" status="PASS">
          <params>
            <param index="0">
              <value>
                <![CDATA[[TestResult name=gettextofastrologicaldetails status=SUCCESS method=TEST_CLASS.gettextofastrologicaldetails()[pri:6, instance:POM_DDF_testNG_BASECLASS_UTILITYCLASS.TEST_CLASS@6a192cfe] output={null}]]]>
              </value>
            </param>
          </params>
          <reporter-output>
          </reporter-output>
        </test-method> <!-- logout -->
        <test-method is-config="true" signature="closebrowser()[pri:0, instance:POM_DDF_testNG_BASECLASS_UTILITYCLASS.TEST_CLASS@6a192cfe]" started-at="2023-01-26T14:55:22 IST" name="closebrowser" finished-at="2023-01-26T14:55:45 IST" duration-ms="22956" status="PASS">
          <reporter-output>
          </reporter-output>
        </test-method> <!-- closebrowser -->
      </class> <!-- POM_DDF_testNG_BASECLASS_UTILITYCLASS.TEST_CLASS -->
    </test> <!-- Default test -->
  </suite> <!-- Default suite -->
</testng-results>
